<?xml version="1.0" encoding="utf-8"?>
<!DOCTYPE coverage SYSTEM "http://cobertura.sourceforge.net/xml/coverage-04.dtd">
<coverage line-rate="0.414084507042254" branch-rate="0" lines-covered="147" lines-valid="355" branches-covered="0" branches-valid="16" complexity="108" version="0" timestamp="1674926540">
  <sources>
    <source>D:\FieryResturant\FieryResturantSupplier\</source>
    <source>C:\</source>
  </sources>
  <packages>
    <package name="FieryResturant.Entites" line-rate="0.961538461538462" branch-rate="1" complexity="23">
      <classes>
        <class name="FieryResturant.Entites.Address" filename="D:\FieryResturant\FieryResturantSupplier\FieryResturant.Entites\Address.cs" line-rate="1" branch-rate="1" complexity="8">
          <methods>
            <method name="get_AddressID" signature="()" line-rate="1" branch-rate="1" complexity="1">
              <lines>
                <line number="13" hits="2" branch="false" />
              </lines>
            </method>
            <method name="get_StreetAddress" signature="()" line-rate="1" branch-rate="1" complexity="1">
              <lines>
                <line number="14" hits="2" branch="false" />
              </lines>
            </method>
            <method name="get_City" signature="()" line-rate="1" branch-rate="1" complexity="1">
              <lines>
                <line number="15" hits="2" branch="false" />
              </lines>
            </method>
            <method name="get_State" signature="()" line-rate="1" branch-rate="1" complexity="1">
              <lines>
                <line number="16" hits="2" branch="false" />
              </lines>
            </method>
            <method name="get_Contry" signature="()" line-rate="1" branch-rate="1" complexity="1">
              <lines>
                <line number="17" hits="2" branch="false" />
              </lines>
            </method>
            <method name="get_ZipCode" signature="()" line-rate="1" branch-rate="1" complexity="1">
              <lines>
                <line number="18" hits="2" branch="false" />
              </lines>
            </method>
            <method name="get_Latitude" signature="()" line-rate="1" branch-rate="1" complexity="1">
              <lines>
                <line number="19" hits="2" branch="false" />
              </lines>
            </method>
            <method name="get_Longitude" signature="()" line-rate="1" branch-rate="1" complexity="1">
              <lines>
                <line number="20" hits="2" branch="false" />
              </lines>
            </method>
          </methods>
          <lines>
            <line number="13" hits="2" branch="false" />
            <line number="14" hits="2" branch="false" />
            <line number="15" hits="2" branch="false" />
            <line number="16" hits="2" branch="false" />
            <line number="17" hits="2" branch="false" />
            <line number="18" hits="2" branch="false" />
            <line number="19" hits="2" branch="false" />
            <line number="20" hits="2" branch="false" />
          </lines>
        </class>
        <class name="FieryResturant.Entites.Business" filename="D:\FieryResturant\FieryResturantSupplier\FieryResturant.Entites\Business.cs" line-rate="1" branch-rate="1" complexity="4">
          <methods>
            <method name="get_BusinessID" signature="()" line-rate="1" branch-rate="1" complexity="1">
              <lines>
                <line number="13" hits="2" branch="false" />
              </lines>
            </method>
            <method name="get_BusinessName" signature="()" line-rate="1" branch-rate="1" complexity="1">
              <lines>
                <line number="14" hits="2" branch="false" />
              </lines>
            </method>
            <method name="get_LicenseNo" signature="()" line-rate="1" branch-rate="1" complexity="1">
              <lines>
                <line number="15" hits="2" branch="false" />
              </lines>
            </method>
            <method name="get_LicenseDate" signature="()" line-rate="1" branch-rate="1" complexity="1">
              <lines>
                <line number="17" hits="2" branch="false" />
              </lines>
            </method>
          </methods>
          <lines>
            <line number="13" hits="2" branch="false" />
            <line number="14" hits="2" branch="false" />
            <line number="15" hits="2" branch="false" />
            <line number="17" hits="2" branch="false" />
          </lines>
        </class>
        <class name="FieryResturant.Entites.Supplier" filename="D:\FieryResturant\FieryResturantSupplier\FieryResturant.Entites\Supplier.cs" line-rate="0.928571428571429" branch-rate="1" complexity="11">
          <methods>
            <method name="get_SupplierID" signature="()" line-rate="1" branch-rate="1" complexity="1">
              <lines>
                <line number="19" hits="5" branch="false" />
              </lines>
            </method>
            <method name="get_SupplierName" signature="()" line-rate="1" branch-rate="1" complexity="1">
              <lines>
                <line number="20" hits="2" branch="false" />
              </lines>
            </method>
            <method name="get_CreatedDate" signature="()" line-rate="1" branch-rate="1" complexity="1">
              <lines>
                <line number="22" hits="2" branch="false" />
              </lines>
            </method>
            <method name="get_LastModifiedDate" signature="()" line-rate="1" branch-rate="1" complexity="1">
              <lines>
                <line number="24" hits="2" branch="false" />
              </lines>
            </method>
            <method name="get_LastModifiedBy" signature="()" line-rate="1" branch-rate="1" complexity="1">
              <lines>
                <line number="26" hits="2" branch="false" />
              </lines>
            </method>
            <method name="get_IsActive" signature="()" line-rate="1" branch-rate="1" complexity="1">
              <lines>
                <line number="27" hits="2" branch="false" />
              </lines>
            </method>
            <method name="get_BusinessId" signature="()" line-rate="1" branch-rate="1" complexity="1">
              <lines>
                <line number="30" hits="2" branch="false" />
              </lines>
            </method>
            <method name="get_Business" signature="()" line-rate="1" branch-rate="1" complexity="1">
              <lines>
                <line number="31" hits="2" branch="false" />
              </lines>
            </method>
            <method name="get_AddressId" signature="()" line-rate="0" branch-rate="1" complexity="1">
              <lines>
                <line number="34" hits="0" branch="false" />
              </lines>
            </method>
            <method name="get_Address" signature="()" line-rate="1" branch-rate="1" complexity="1">
              <lines>
                <line number="35" hits="2" branch="false" />
              </lines>
            </method>
            <method name=".ctor" signature="()" line-rate="1" branch-rate="1" complexity="1">
              <lines>
                <line number="14" hits="2" branch="false" />
                <line number="15" hits="2" branch="false" />
                <line number="16" hits="2" branch="false" />
                <line number="17" hits="2" branch="false" />
              </lines>
            </method>
          </methods>
          <lines>
            <line number="14" hits="2" branch="false" />
            <line number="15" hits="2" branch="false" />
            <line number="16" hits="2" branch="false" />
            <line number="17" hits="2" branch="false" />
            <line number="19" hits="5" branch="false" />
            <line number="20" hits="2" branch="false" />
            <line number="22" hits="2" branch="false" />
            <line number="24" hits="2" branch="false" />
            <line number="26" hits="2" branch="false" />
            <line number="27" hits="2" branch="false" />
            <line number="30" hits="2" branch="false" />
            <line number="31" hits="2" branch="false" />
            <line number="34" hits="0" branch="false" />
            <line number="35" hits="2" branch="false" />
          </lines>
        </class>
      </classes>
    </package>
    <package name="FieryResturantData" line-rate="0" branch-rate="0" complexity="11">
      <classes>
        <class name="FieryResturantData.Data.SupplierDbContext" filename="D:\FieryResturant\FieryResturantSupplier\FieryResturantData\Data\SupplierDbContext.cs" line-rate="0" branch-rate="1" complexity="4">
          <methods>
            <method name="get_addresses" signature="()" line-rate="0" branch-rate="1" complexity="1">
              <lines>
                <line number="24" hits="0" branch="false" />
              </lines>
            </method>
            <method name="get_businesss" signature="()" line-rate="0" branch-rate="1" complexity="1">
              <lines>
                <line number="25" hits="0" branch="false" />
              </lines>
            </method>
            <method name="get_suppliers" signature="()" line-rate="0" branch-rate="1" complexity="1">
              <lines>
                <line number="26" hits="0" branch="false" />
              </lines>
            </method>
            <method name=".ctor" signature="(...)" line-rate="0" branch-rate="1" complexity="1">
              <lines>
                <line number="14" hits="0" branch="false" />
                <line number="15" hits="0" branch="false" />
                <line number="19" hits="0" branch="false" />
              </lines>
            </method>
          </methods>
          <lines>
            <line number="14" hits="0" branch="false" />
            <line number="15" hits="0" branch="false" />
            <line number="19" hits="0" branch="false" />
            <line number="24" hits="0" branch="false" />
            <line number="25" hits="0" branch="false" />
            <line number="26" hits="0" branch="false" />
          </lines>
        </class>
        <class name="FieryResturantData.Repository.SupplierRepository" filename="D:\FieryResturant\FieryResturantSupplier\FieryResturantData\Repository\SupplierRepository.cs" line-rate="0" branch-rate="0" complexity="7">
          <methods>
            <method name="AddNewSupplier" signature="(...)" line-rate="0" branch-rate="0" complexity="4">
              <lines>
                <line number="23" hits="0" branch="false" />
                <line number="31" hits="0" branch="false" />
                <line number="32" hits="0" branch="false" />
                <line number="33" hits="0" branch="true" condition-coverage="0% (0/2)" />
                <line number="34" hits="0" branch="false" />
                <line number="35" hits="0" branch="true" condition-coverage="0% (0/2)" />
                <line number="36" hits="0" branch="false" />
                <line number="37" hits="0" branch="false" />
                <line number="38" hits="0" branch="false" />
                <line number="39" hits="0" branch="false" />
                <line number="40" hits="0" branch="false" />
                <line number="43" hits="0" branch="false" />
                <line number="44" hits="0" branch="false" />
                <line number="45" hits="0" branch="false" />
                <line number="46" hits="0" branch="false" />
                <line number="47" hits="0" branch="false" />
                <line number="49" hits="0" branch="false" />
              </lines>
            </method>
            <method name="GetSupplierById" signature="(...)" line-rate="0" branch-rate="1" complexity="1">
              <lines>
                <line number="52" hits="0" branch="false" />
                <line number="53" hits="0" branch="false" />
                <line number="54" hits="0" branch="false" />
                <line number="61" hits="0" branch="false" />
              </lines>
            </method>
            <method name="GetSupplier" signature="()" line-rate="0" branch-rate="1" complexity="1">
              <lines>
                <line number="64" hits="0" branch="false" />
                <line number="67" hits="0" branch="false" />
                <line number="69" hits="0" branch="false" />
                <line number="70" hits="0" branch="false" />
                <line number="71" hits="0" branch="false" />
                <line number="73" hits="0" branch="false" />
                <line number="74" hits="0" branch="false" />
                <line number="75" hits="0" branch="false" />
                <line number="77" hits="0" branch="false" />
              </lines>
            </method>
            <method name=".ctor" signature="(...)" line-rate="0" branch-rate="1" complexity="1">
              <lines>
                <line number="18" hits="0" branch="false" />
                <line number="19" hits="0" branch="false" />
                <line number="20" hits="0" branch="false" />
                <line number="21" hits="0" branch="false" />
              </lines>
            </method>
          </methods>
          <lines>
            <line number="18" hits="0" branch="false" />
            <line number="19" hits="0" branch="false" />
            <line number="20" hits="0" branch="false" />
            <line number="21" hits="0" branch="false" />
            <line number="23" hits="0" branch="false" />
            <line number="31" hits="0" branch="false" />
            <line number="32" hits="0" branch="false" />
            <line number="33" hits="0" branch="true" condition-coverage="0% (0/2)" />
            <line number="34" hits="0" branch="false" />
            <line number="35" hits="0" branch="true" condition-coverage="0% (0/2)" />
            <line number="36" hits="0" branch="false" />
            <line number="37" hits="0" branch="false" />
            <line number="38" hits="0" branch="false" />
            <line number="39" hits="0" branch="false" />
            <line number="40" hits="0" branch="false" />
            <line number="43" hits="0" branch="false" />
            <line number="44" hits="0" branch="false" />
            <line number="45" hits="0" branch="false" />
            <line number="46" hits="0" branch="false" />
            <line number="47" hits="0" branch="false" />
            <line number="49" hits="0" branch="false" />
            <line number="52" hits="0" branch="false" />
            <line number="53" hits="0" branch="false" />
            <line number="54" hits="0" branch="false" />
            <line number="61" hits="0" branch="false" />
            <line number="64" hits="0" branch="false" />
            <line number="67" hits="0" branch="false" />
            <line number="69" hits="0" branch="false" />
            <line number="70" hits="0" branch="false" />
            <line number="71" hits="0" branch="false" />
            <line number="73" hits="0" branch="false" />
            <line number="74" hits="0" branch="false" />
            <line number="75" hits="0" branch="false" />
            <line number="77" hits="0" branch="false" />
          </lines>
        </class>
      </classes>
    </package>
    <package name="FieryResturantDTO" line-rate="0.0945945945945946" branch-rate="0" complexity="50">
      <classes>
        <class name="FieryResturantDTO.AddressDTO" filename="D:\FieryResturant\FieryResturantSupplier\FieryResturantDTO\AddressDTO.cs" line-rate="0" branch-rate="1" complexity="7">
          <methods>
            <method name="get_StreetAddress" signature="()" line-rate="0" branch-rate="1" complexity="1">
              <lines>
                <line number="11" hits="0" branch="false" />
              </lines>
            </method>
            <method name="get_City" signature="()" line-rate="0" branch-rate="1" complexity="1">
              <lines>
                <line number="12" hits="0" branch="false" />
              </lines>
            </method>
            <method name="get_State" signature="()" line-rate="0" branch-rate="1" complexity="1">
              <lines>
                <line number="13" hits="0" branch="false" />
              </lines>
            </method>
            <method name="get_Contry" signature="()" line-rate="0" branch-rate="1" complexity="1">
              <lines>
                <line number="14" hits="0" branch="false" />
              </lines>
            </method>
            <method name="get_ZipCode" signature="()" line-rate="0" branch-rate="1" complexity="1">
              <lines>
                <line number="15" hits="0" branch="false" />
              </lines>
            </method>
            <method name="get_Latitude" signature="()" line-rate="0" branch-rate="1" complexity="1">
              <lines>
                <line number="16" hits="0" branch="false" />
              </lines>
            </method>
            <method name="get_Longitude" signature="()" line-rate="0" branch-rate="1" complexity="1">
              <lines>
                <line number="17" hits="0" branch="false" />
              </lines>
            </method>
          </methods>
          <lines>
            <line number="11" hits="0" branch="false" />
            <line number="12" hits="0" branch="false" />
            <line number="13" hits="0" branch="false" />
            <line number="14" hits="0" branch="false" />
            <line number="15" hits="0" branch="false" />
            <line number="16" hits="0" branch="false" />
            <line number="17" hits="0" branch="false" />
          </lines>
        </class>
        <class name="FieryResturantDTO.BusinessDTO" filename="D:\FieryResturant\FieryResturantSupplier\FieryResturantDTO\BusinessDTO.cs" line-rate="0" branch-rate="1" complexity="3">
          <methods>
            <method name="get_BusinessName" signature="()" line-rate="0" branch-rate="1" complexity="1">
              <lines>
                <line number="11" hits="0" branch="false" />
              </lines>
            </method>
            <method name="get_LicenseNo" signature="()" line-rate="0" branch-rate="1" complexity="1">
              <lines>
                <line number="12" hits="0" branch="false" />
              </lines>
            </method>
            <method name="get_LicenseDate" signature="()" line-rate="0" branch-rate="1" complexity="1">
              <lines>
                <line number="13" hits="0" branch="false" />
              </lines>
            </method>
          </methods>
          <lines>
            <line number="11" hits="0" branch="false" />
            <line number="12" hits="0" branch="false" />
            <line number="13" hits="0" branch="false" />
          </lines>
        </class>
        <class name="FieryResturantDTO.Filter.PaginationFilter" filename="D:\FieryResturant\FieryResturantSupplier\FieryResturantDTO\Filter\PaginationFilter.cs" line-rate="0" branch-rate="0" complexity="7">
          <methods>
            <method name="get_PageNumber" signature="()" line-rate="0" branch-rate="1" complexity="1">
              <lines>
                <line number="16" hits="0" branch="false" />
              </lines>
            </method>
            <method name="get_PageSize" signature="()" line-rate="0" branch-rate="1" complexity="1">
              <lines>
                <line number="17" hits="0" branch="false" />
              </lines>
            </method>
            <method name=".ctor" signature="()" line-rate="0" branch-rate="1" complexity="1">
              <lines>
                <line number="11" hits="0" branch="false" />
                <line number="12" hits="0" branch="false" />
                <line number="13" hits="0" branch="false" />
                <line number="14" hits="0" branch="false" />
                <line number="15" hits="0" branch="false" />
              </lines>
            </method>
            <method name=".ctor" signature="(...)" line-rate="0" branch-rate="0" complexity="4">
              <lines>
                <line number="19" hits="0" branch="false" />
                <line number="20" hits="0" branch="false" />
                <line number="21" hits="0" branch="true" condition-coverage="0% (0/2)" />
                <line number="22" hits="0" branch="true" condition-coverage="0% (0/2)" />
                <line number="23" hits="0" branch="false" />
              </lines>
            </method>
          </methods>
          <lines>
            <line number="11" hits="0" branch="false" />
            <line number="12" hits="0" branch="false" />
            <line number="13" hits="0" branch="false" />
            <line number="14" hits="0" branch="false" />
            <line number="15" hits="0" branch="false" />
            <line number="16" hits="0" branch="false" />
            <line number="17" hits="0" branch="false" />
            <line number="19" hits="0" branch="false" />
            <line number="20" hits="0" branch="false" />
            <line number="21" hits="0" branch="true" condition-coverage="0% (0/2)" />
            <line number="22" hits="0" branch="true" condition-coverage="0% (0/2)" />
            <line number="23" hits="0" branch="false" />
          </lines>
        </class>
        <class name="FieryResturantDTO.SupplierDTO" filename="D:\FieryResturant\FieryResturantSupplier\FieryResturantDTO\SupplierDTO.cs" line-rate="0.875" branch-rate="1" complexity="8">
          <methods>
            <method name="get_SupplierID" signature="()" line-rate="1" branch-rate="1" complexity="1">
              <lines>
                <line number="11" hits="1" branch="false" />
              </lines>
            </method>
            <method name="get_SupplierName" signature="()" line-rate="1" branch-rate="1" complexity="1">
              <lines>
                <line number="12" hits="1" branch="false" />
              </lines>
            </method>
            <method name="get_CreatedDate" signature="()" line-rate="0" branch-rate="1" complexity="1">
              <lines>
                <line number="13" hits="0" branch="false" />
              </lines>
            </method>
            <method name="get_LastModifiedDate" signature="()" line-rate="1" branch-rate="1" complexity="1">
              <lines>
                <line number="14" hits="1" branch="false" />
              </lines>
            </method>
            <method name="get_LastModifiedBy" signature="()" line-rate="1" branch-rate="1" complexity="1">
              <lines>
                <line number="15" hits="1" branch="false" />
              </lines>
            </method>
            <method name="get_IsActive" signature="()" line-rate="1" branch-rate="1" complexity="1">
              <lines>
                <line number="16" hits="1" branch="false" />
              </lines>
            </method>
            <method name="get_Business" signature="()" line-rate="1" branch-rate="1" complexity="1">
              <lines>
                <line number="17" hits="1" branch="false" />
              </lines>
            </method>
            <method name="get_Address" signature="()" line-rate="1" branch-rate="1" complexity="1">
              <lines>
                <line number="18" hits="1" branch="false" />
              </lines>
            </method>
          </methods>
          <lines>
            <line number="11" hits="1" branch="false" />
            <line number="12" hits="1" branch="false" />
            <line number="13" hits="0" branch="false" />
            <line number="14" hits="1" branch="false" />
            <line number="15" hits="1" branch="false" />
            <line number="16" hits="1" branch="false" />
            <line number="17" hits="1" branch="false" />
            <line number="18" hits="1" branch="false" />
          </lines>
        </class>
        <class name="FieryResturantDTO.SupplierFormDTO" filename="D:\FieryResturant\FieryResturantSupplier\FieryResturantDTO\SupplierFormDTO.cs" line-rate="0" branch-rate="1" complexity="13">
          <methods>
            <method name="get_SupplierName" signature="()" line-rate="0" branch-rate="1" complexity="1">
              <lines>
                <line number="11" hits="0" branch="false" />
              </lines>
            </method>
            <method name="get_IsActive" signature="()" line-rate="0" branch-rate="1" complexity="1">
              <lines>
                <line number="12" hits="0" branch="false" />
              </lines>
            </method>
            <method name="get_BusinessName" signature="()" line-rate="0" branch-rate="1" complexity="1">
              <lines>
                <line number="13" hits="0" branch="false" />
              </lines>
            </method>
            <method name="get_LicenseNo" signature="()" line-rate="0" branch-rate="1" complexity="1">
              <lines>
                <line number="14" hits="0" branch="false" />
              </lines>
            </method>
            <method name="get_LicenseDate" signature="()" line-rate="0" branch-rate="1" complexity="1">
              <lines>
                <line number="15" hits="0" branch="false" />
              </lines>
            </method>
            <method name="get_AddressID" signature="()" line-rate="0" branch-rate="1" complexity="1">
              <lines>
                <line number="16" hits="0" branch="false" />
              </lines>
            </method>
            <method name="get_StreetAddress" signature="()" line-rate="0" branch-rate="1" complexity="1">
              <lines>
                <line number="17" hits="0" branch="false" />
              </lines>
            </method>
            <method name="get_City" signature="()" line-rate="0" branch-rate="1" complexity="1">
              <lines>
                <line number="18" hits="0" branch="false" />
              </lines>
            </method>
            <method name="get_State" signature="()" line-rate="0" branch-rate="1" complexity="1">
              <lines>
                <line number="19" hits="0" branch="false" />
              </lines>
            </method>
            <method name="get_Contry" signature="()" line-rate="0" branch-rate="1" complexity="1">
              <lines>
                <line number="20" hits="0" branch="false" />
              </lines>
            </method>
            <method name="get_ZipCode" signature="()" line-rate="0" branch-rate="1" complexity="1">
              <lines>
                <line number="21" hits="0" branch="false" />
              </lines>
            </method>
            <method name="get_Latitude" signature="()" line-rate="0" branch-rate="1" complexity="1">
              <lines>
                <line number="22" hits="0" branch="false" />
              </lines>
            </method>
            <method name="get_Longitude" signature="()" line-rate="0" branch-rate="1" complexity="1">
              <lines>
                <line number="23" hits="0" branch="false" />
              </lines>
            </method>
          </methods>
          <lines>
            <line number="11" hits="0" branch="false" />
            <line number="12" hits="0" branch="false" />
            <line number="13" hits="0" branch="false" />
            <line number="14" hits="0" branch="false" />
            <line number="15" hits="0" branch="false" />
            <line number="16" hits="0" branch="false" />
            <line number="17" hits="0" branch="false" />
            <line number="18" hits="0" branch="false" />
            <line number="19" hits="0" branch="false" />
            <line number="20" hits="0" branch="false" />
            <line number="21" hits="0" branch="false" />
            <line number="22" hits="0" branch="false" />
            <line number="23" hits="0" branch="false" />
          </lines>
        </class>
        <class name="FieryResturantDTO.SupplierMap.SupplierDtoMap" filename="D:\FieryResturant\FieryResturantSupplier\FieryResturantDTO\SupplierMap\SupplierDtoMap.cs" line-rate="0" branch-rate="1" complexity="1">
          <methods>
            <method name=".ctor" signature="()" line-rate="0" branch-rate="1" complexity="1">
              <lines>
                <line number="13" hits="0" branch="false" />
                <line number="14" hits="0" branch="false" />
                <line number="16" hits="0" branch="false" />
                <line number="17" hits="0" branch="false" />
                <line number="18" hits="0" branch="false" />
                <line number="19" hits="0" branch="false" />
              </lines>
            </method>
          </methods>
          <lines>
            <line number="13" hits="0" branch="false" />
            <line number="14" hits="0" branch="false" />
            <line number="16" hits="0" branch="false" />
            <line number="17" hits="0" branch="false" />
            <line number="18" hits="0" branch="false" />
            <line number="19" hits="0" branch="false" />
          </lines>
        </class>
        <class name="FieryResturantDTO.Wrapper.PageResonse`1" filename="D:\FieryResturant\FieryResturantSupplier\FieryResturantDTO\Wrapper\PageResonse.cs" line-rate="0" branch-rate="1" complexity="5">
          <methods>
            <method name="get_PageNumber" signature="()" line-rate="0" branch-rate="1" complexity="1">
              <lines>
                <line number="12" hits="0" branch="false" />
              </lines>
            </method>
            <method name="get_PageSize" signature="()" line-rate="0" branch-rate="1" complexity="1">
              <lines>
                <line number="13" hits="0" branch="false" />
              </lines>
            </method>
            <method name="get_TotalPages" signature="()" line-rate="0" branch-rate="1" complexity="1">
              <lines>
                <line number="14" hits="0" branch="false" />
              </lines>
            </method>
            <method name="get_TotalRecords" signature="()" line-rate="0" branch-rate="1" complexity="1">
              <lines>
                <line number="15" hits="0" branch="false" />
              </lines>
            </method>
            <method name=".ctor" signature="(...)" line-rate="0" branch-rate="1" complexity="1">
              <lines>
                <line number="17" hits="0" branch="false" />
                <line number="18" hits="0" branch="false" />
                <line number="19" hits="0" branch="false" />
                <line number="20" hits="0" branch="false" />
                <line number="21" hits="0" branch="false" />
                <line number="22" hits="0" branch="false" />
                <line number="23" hits="0" branch="false" />
                <line number="24" hits="0" branch="false" />
                <line number="25" hits="0" branch="false" />
              </lines>
            </method>
          </methods>
          <lines>
            <line number="12" hits="0" branch="false" />
            <line number="13" hits="0" branch="false" />
            <line number="14" hits="0" branch="false" />
            <line number="15" hits="0" branch="false" />
            <line number="17" hits="0" branch="false" />
            <line number="18" hits="0" branch="false" />
            <line number="19" hits="0" branch="false" />
            <line number="20" hits="0" branch="false" />
            <line number="21" hits="0" branch="false" />
            <line number="22" hits="0" branch="false" />
            <line number="23" hits="0" branch="false" />
            <line number="24" hits="0" branch="false" />
            <line number="25" hits="0" branch="false" />
          </lines>
        </class>
        <class name="FieryResturantDTO.Wrapper.Response`1" filename="D:\FieryResturant\FieryResturantSupplier\FieryResturantDTO\Wrapper\Response.cs" line-rate="0" branch-rate="1" complexity="6">
          <methods>
            <method name="get_Data" signature="()" line-rate="0" branch-rate="1" complexity="1">
              <lines>
                <line number="20" hits="0" branch="false" />
              </lines>
            </method>
            <method name="get_Succeeded" signature="()" line-rate="0" branch-rate="1" complexity="1">
              <lines>
                <line number="21" hits="0" branch="false" />
              </lines>
            </method>
            <method name="get_Errors" signature="()" line-rate="0" branch-rate="1" complexity="1">
              <lines>
                <line number="22" hits="0" branch="false" />
              </lines>
            </method>
            <method name="get_Message" signature="()" line-rate="0" branch-rate="1" complexity="1">
              <lines>
                <line number="23" hits="0" branch="false" />
              </lines>
            </method>
            <method name=".ctor" signature="()" line-rate="0" branch-rate="1" complexity="1">
              <lines>
                <line number="11" hits="0" branch="false" />
              </lines>
            </method>
            <method name=".ctor" signature="(...)" line-rate="0" branch-rate="1" complexity="1">
              <lines>
                <line number="12" hits="0" branch="false" />
                <line number="13" hits="0" branch="false" />
                <line number="14" hits="0" branch="false" />
                <line number="15" hits="0" branch="false" />
                <line number="16" hits="0" branch="false" />
                <line number="17" hits="0" branch="false" />
                <line number="19" hits="0" branch="false" />
              </lines>
            </method>
          </methods>
          <lines>
            <line number="11" hits="0" branch="false" />
            <line number="12" hits="0" branch="false" />
            <line number="13" hits="0" branch="false" />
            <line number="14" hits="0" branch="false" />
            <line number="15" hits="0" branch="false" />
            <line number="16" hits="0" branch="false" />
            <line number="17" hits="0" branch="false" />
            <line number="19" hits="0" branch="false" />
            <line number="20" hits="0" branch="false" />
            <line number="21" hits="0" branch="false" />
            <line number="22" hits="0" branch="false" />
            <line number="23" hits="0" branch="false" />
          </lines>
        </class>
      </classes>
    </package>
    <package name="FieryResturantServices" line-rate="0" branch-rate="0" complexity="12">
      <classes>
        <class name="FieryResturantServices.InterfaceDTO.Implementation.ISupplierService" filename="D:\FieryResturant\FieryResturantSupplier\FieryResturantServices\InterfaceDTO\Implementation\ISupplierService.cs" line-rate="0" branch-rate="0" complexity="7">
          <methods>
            <method name="AddNewSupplierService" signature="(...)" line-rate="0" branch-rate="0" complexity="2">
              <lines>
                <line number="28" hits="0" branch="false" />
                <line number="29" hits="0" branch="true" condition-coverage="0% (0/2)" />
                <line number="30" hits="0" branch="false" />
                <line number="31" hits="0" branch="false" />
                <line number="32" hits="0" branch="false" />
                <line number="35" hits="0" branch="false" />
                <line number="36" hits="0" branch="false" />
                <line number="37" hits="0" branch="false" />
                <line number="39" hits="0" branch="false" />
              </lines>
            </method>
            <method name="GetSupplierService" signature="()" line-rate="0" branch-rate="0" complexity="2">
              <lines>
                <line number="42" hits="0" branch="false" />
                <line number="43" hits="0" branch="false" />
                <line number="44" hits="0" branch="true" condition-coverage="0% (0/2)" />
                <line number="45" hits="0" branch="false" />
                <line number="46" hits="0" branch="false" />
                <line number="47" hits="0" branch="false" />
                <line number="50" hits="0" branch="false" />
                <line number="51" hits="0" branch="false" />
                <line number="52" hits="0" branch="false" />
                <line number="53" hits="0" branch="false" />
                <line number="55" hits="0" branch="false" />
              </lines>
            </method>
            <method name="GetSupplierByIdService" signature="(...)" line-rate="0" branch-rate="0" complexity="2">
              <lines>
                <line number="58" hits="0" branch="false" />
                <line number="59" hits="0" branch="false" />
                <line number="60" hits="0" branch="true" condition-coverage="0% (0/2)" />
                <line number="61" hits="0" branch="false" />
                <line number="62" hits="0" branch="false" />
                <line number="63" hits="0" branch="false" />
                <line number="66" hits="0" branch="false" />
                <line number="67" hits="0" branch="false" />
                <line number="68" hits="0" branch="false" />
                <line number="70" hits="0" branch="false" />
              </lines>
            </method>
            <method name=".ctor" signature="(...)" line-rate="0" branch-rate="1" complexity="1">
              <lines>
                <line number="21" hits="0" branch="false" />
                <line number="22" hits="0" branch="false" />
                <line number="23" hits="0" branch="false" />
                <line number="24" hits="0" branch="false" />
                <line number="25" hits="0" branch="false" />
                <line number="26" hits="0" branch="false" />
              </lines>
            </method>
          </methods>
          <lines>
            <line number="21" hits="0" branch="false" />
            <line number="22" hits="0" branch="false" />
            <line number="23" hits="0" branch="false" />
            <line number="24" hits="0" branch="false" />
            <line number="25" hits="0" branch="false" />
            <line number="26" hits="0" branch="false" />
            <line number="28" hits="0" branch="false" />
            <line number="29" hits="0" branch="true" condition-coverage="0% (0/2)" />
            <line number="30" hits="0" branch="false" />
            <line number="31" hits="0" branch="false" />
            <line number="32" hits="0" branch="false" />
            <line number="35" hits="0" branch="false" />
            <line number="36" hits="0" branch="false" />
            <line number="37" hits="0" branch="false" />
            <line number="39" hits="0" branch="false" />
            <line number="42" hits="0" branch="false" />
            <line number="43" hits="0" branch="false" />
            <line number="44" hits="0" branch="true" condition-coverage="0% (0/2)" />
            <line number="45" hits="0" branch="false" />
            <line number="46" hits="0" branch="false" />
            <line number="47" hits="0" branch="false" />
            <line number="50" hits="0" branch="false" />
            <line number="51" hits="0" branch="false" />
            <line number="52" hits="0" branch="false" />
            <line number="53" hits="0" branch="false" />
            <line number="55" hits="0" branch="false" />
            <line number="58" hits="0" branch="false" />
            <line number="59" hits="0" branch="false" />
            <line number="60" hits="0" branch="true" condition-coverage="0% (0/2)" />
            <line number="61" hits="0" branch="false" />
            <line number="62" hits="0" branch="false" />
            <line number="63" hits="0" branch="false" />
            <line number="66" hits="0" branch="false" />
            <line number="67" hits="0" branch="false" />
            <line number="68" hits="0" branch="false" />
            <line number="70" hits="0" branch="false" />
          </lines>
        </class>
        <class name="FieryResturantServices.InterfaceDTO.Implementation.Loggingmanager" filename="D:\FieryResturant\FieryResturantSupplier\FieryResturantServices\InterfaceDTO\Implementation\Loggingmanager.cs" line-rate="0" branch-rate="1" complexity="5">
          <methods>
            <method name="LogDebug" signature="(...)" line-rate="0" branch-rate="1" complexity="1">
              <lines>
                <line number="16" hits="0" branch="false" />
                <line number="17" hits="0" branch="false" />
                <line number="18" hits="0" branch="false" />
              </lines>
            </method>
            <method name="LogError" signature="(...)" line-rate="0" branch-rate="1" complexity="1">
              <lines>
                <line number="21" hits="0" branch="false" />
                <line number="22" hits="0" branch="false" />
                <line number="23" hits="0" branch="false" />
              </lines>
            </method>
            <method name="LogInfo" signature="(...)" line-rate="0" branch-rate="1" complexity="1">
              <lines>
                <line number="26" hits="0" branch="false" />
                <line number="27" hits="0" branch="false" />
                <line number="28" hits="0" branch="false" />
              </lines>
            </method>
            <method name="LogWarning" signature="(...)" line-rate="0" branch-rate="1" complexity="1">
              <lines>
                <line number="31" hits="0" branch="false" />
                <line number="32" hits="0" branch="false" />
                <line number="33" hits="0" branch="false" />
              </lines>
            </method>
            <method name=".cctor" signature="()" line-rate="0" branch-rate="1" complexity="1">
              <lines>
                <line number="14" hits="0" branch="false" />
              </lines>
            </method>
          </methods>
          <lines>
            <line number="14" hits="0" branch="false" />
            <line number="16" hits="0" branch="false" />
            <line number="17" hits="0" branch="false" />
            <line number="18" hits="0" branch="false" />
            <line number="21" hits="0" branch="false" />
            <line number="22" hits="0" branch="false" />
            <line number="23" hits="0" branch="false" />
            <line number="26" hits="0" branch="false" />
            <line number="27" hits="0" branch="false" />
            <line number="28" hits="0" branch="false" />
            <line number="31" hits="0" branch="false" />
            <line number="32" hits="0" branch="false" />
            <line number="33" hits="0" branch="false" />
          </lines>
        </class>
      </classes>
    </package>
    <package name="FieryResturantSupplier" line-rate="0.27536231884058" branch-rate="0" complexity="7">
      <classes>
        <class name="FieryResturantSupplier.Controllers.SupplierController" filename="D:\FieryResturant\FieryResturantSupplier\FieryResturantSupplier\Controllers\SupplierController.cs" line-rate="0.487179487179487" branch-rate="1" complexity="5">
          <methods>
            <method name="PostSupplier" signature="(...)" line-rate="0.625" branch-rate="1" complexity="1">
              <lines>
                <line number="34" hits="1" branch="false" />
                <line number="36" hits="1" branch="false" />
                <line number="37" hits="1" branch="false" />
                <line number="38" hits="1" branch="false" />
                <line number="43" hits="0" branch="false" />
                <line number="44" hits="0" branch="false" />
                <line number="45" hits="0" branch="false" />
                <line number="47" hits="1" branch="false" />
              </lines>
            </method>
            <method name="GetSupplier" signature="()" line-rate="0.625" branch-rate="1" complexity="1">
              <lines>
                <line number="52" hits="2" branch="false" />
                <line number="54" hits="2" branch="false" />
                <line number="55" hits="2" branch="false" />
                <line number="56" hits="2" branch="false" />
                <line number="57" hits="0" branch="false" />
                <line number="58" hits="0" branch="false" />
                <line number="59" hits="0" branch="false" />
                <line number="61" hits="2" branch="false" />
              </lines>
            </method>
            <method name="GetId" signature="(...)" line-rate="0.625" branch-rate="1" complexity="1">
              <lines>
                <line number="65" hits="1" branch="false" />
                <line number="67" hits="1" branch="false" />
                <line number="68" hits="1" branch="false" />
                <line number="70" hits="1" branch="false" />
                <line number="72" hits="0" branch="false" />
                <line number="73" hits="0" branch="false" />
                <line number="74" hits="0" branch="false" />
                <line number="76" hits="1" branch="false" />
              </lines>
            </method>
            <method name="Get" signature="(...)" line-rate="0" branch-rate="1" complexity="1">
              <lines>
                <line number="80" hits="0" branch="false" />
                <line number="82" hits="0" branch="false" />
                <line number="83" hits="0" branch="false" />
                <line number="84" hits="0" branch="false" />
                <line number="85" hits="0" branch="false" />
                <line number="86" hits="0" branch="false" />
                <line number="87" hits="0" branch="false" />
                <line number="89" hits="0" branch="false" />
                <line number="90" hits="0" branch="false" />
                <line number="91" hits="0" branch="false" />
                <line number="93" hits="0" branch="false" />
              </lines>
            </method>
            <method name=".ctor" signature="(...)" line-rate="1" branch-rate="1" complexity="1">
              <lines>
                <line number="26" hits="4" branch="false" />
                <line number="27" hits="4" branch="false" />
                <line number="28" hits="4" branch="false" />
                <line number="29" hits="4" branch="false" />
              </lines>
            </method>
          </methods>
          <lines>
            <line number="26" hits="4" branch="false" />
            <line number="27" hits="4" branch="false" />
            <line number="28" hits="4" branch="false" />
            <line number="29" hits="4" branch="false" />
            <line number="34" hits="1" branch="false" />
            <line number="36" hits="1" branch="false" />
            <line number="37" hits="1" branch="false" />
            <line number="38" hits="1" branch="false" />
            <line number="43" hits="0" branch="false" />
            <line number="44" hits="0" branch="false" />
            <line number="45" hits="0" branch="false" />
            <line number="47" hits="1" branch="false" />
            <line number="52" hits="2" branch="false" />
            <line number="54" hits="2" branch="false" />
            <line number="55" hits="2" branch="false" />
            <line number="56" hits="2" branch="false" />
            <line number="57" hits="0" branch="false" />
            <line number="58" hits="0" branch="false" />
            <line number="59" hits="0" branch="false" />
            <line number="61" hits="2" branch="false" />
            <line number="65" hits="1" branch="false" />
            <line number="67" hits="1" branch="false" />
            <line number="68" hits="1" branch="false" />
            <line number="70" hits="1" branch="false" />
            <line number="72" hits="0" branch="false" />
            <line number="73" hits="0" branch="false" />
            <line number="74" hits="0" branch="false" />
            <line number="76" hits="1" branch="false" />
            <line number="80" hits="0" branch="false" />
            <line number="82" hits="0" branch="false" />
            <line number="83" hits="0" branch="false" />
            <line number="84" hits="0" branch="false" />
            <line number="85" hits="0" branch="false" />
            <line number="86" hits="0" branch="false" />
            <line number="87" hits="0" branch="false" />
            <line number="89" hits="0" branch="false" />
            <line number="90" hits="0" branch="false" />
            <line number="91" hits="0" branch="false" />
            <line number="93" hits="0" branch="false" />
          </lines>
        </class>
        <class name="FieryResturantSupplier.Program" filename="D:\FieryResturant\FieryResturantSupplier\FieryResturantSupplier\Program.cs" line-rate="0" branch-rate="0" complexity="2">
          <methods>
            <method name="Main" signature="(...)" line-rate="0" branch-rate="0" complexity="2">
              <lines>
                <line number="15" hits="0" branch="false" />
                <line number="16" hits="0" branch="false" />
                <line number="18" hits="0" branch="false" />
                <line number="24" hits="0" branch="false" />
                <line number="25" hits="0" branch="false" />
                <line number="29" hits="0" branch="false" />
                <line number="31" hits="0" branch="false" />
                <line number="32" hits="0" branch="false" />
                <line number="33" hits="0" branch="false" />
                <line number="35" hits="0" branch="false" />
                <line number="38" hits="0" branch="false" />
                <line number="44" hits="0" branch="false" />
                <line number="45" hits="0" branch="false" />
                <line number="46" hits="0" branch="false" />
                <line number="47" hits="0" branch="false" />
                <line number="48" hits="0" branch="false" />
                <line number="49" hits="0" branch="false" />
                <line number="50" hits="0" branch="false" />
                <line number="53" hits="0" branch="false" />
                <line number="54" hits="0" branch="false" />
                <line number="56" hits="0" branch="false" />
                <line number="61" hits="0" branch="true" condition-coverage="0% (0/2)" />
                <line number="62" hits="0" branch="false" />
                <line number="63" hits="0" branch="false" />
                <line number="64" hits="0" branch="false" />
                <line number="65" hits="0" branch="false" />
                <line number="66" hits="0" branch="false" />
                <line number="68" hits="0" branch="false" />
                <line number="70" hits="0" branch="false" />
                <line number="71" hits="0" branch="false" />
              </lines>
            </method>
          </methods>
          <lines>
            <line number="15" hits="0" branch="false" />
            <line number="16" hits="0" branch="false" />
            <line number="18" hits="0" branch="false" />
            <line number="24" hits="0" branch="false" />
            <line number="25" hits="0" branch="false" />
            <line number="29" hits="0" branch="false" />
            <line number="31" hits="0" branch="false" />
            <line number="32" hits="0" branch="false" />
            <line number="33" hits="0" branch="false" />
            <line number="35" hits="0" branch="false" />
            <line number="38" hits="0" branch="false" />
            <line number="44" hits="0" branch="false" />
            <line number="45" hits="0" branch="false" />
            <line number="46" hits="0" branch="false" />
            <line number="47" hits="0" branch="false" />
            <line number="48" hits="0" branch="false" />
            <line number="49" hits="0" branch="false" />
            <line number="50" hits="0" branch="false" />
            <line number="53" hits="0" branch="false" />
            <line number="54" hits="0" branch="false" />
            <line number="56" hits="0" branch="false" />
            <line number="61" hits="0" branch="true" condition-coverage="0% (0/2)" />
            <line number="62" hits="0" branch="false" />
            <line number="63" hits="0" branch="false" />
            <line number="64" hits="0" branch="false" />
            <line number="65" hits="0" branch="false" />
            <line number="66" hits="0" branch="false" />
            <line number="68" hits="0" branch="false" />
            <line number="70" hits="0" branch="false" />
            <line number="71" hits="0" branch="false" />
          </lines>
        </class>
      </classes>
    </package>
    <package name="FieryResturantUnitTest" line-rate="0.989690721649485" branch-rate="1" complexity="5">
      <classes>
        <class name="AutoGeneratedProgram" filename="C:\Users\Dell\.nuget\packages\microsoft.net.test.sdk\17.3.2\build\netcoreapp2.1\Microsoft.NET.Test.Sdk.Program.cs" line-rate="0" branch-rate="1" complexity="1">
          <methods>
            <method name="Main" signature="(...)" line-rate="0" branch-rate="1" complexity="1">
              <lines>
                <line number="4" hits="0" branch="false" />
              </lines>
            </method>
          </methods>
          <lines>
            <line number="4" hits="0" branch="false" />
          </lines>
        </class>
        <class name="FieryResturantUnitTest.ResturantTest" filename="D:\FieryResturant\FieryResturantSupplier\FieryResturantUnitTest\ResturantTest.cs" line-rate="1" branch-rate="1" complexity="4">
          <methods>
            <method name="Get_OnSuccess_ReturnStatusCode200" signature="()" line-rate="1" branch-rate="1" complexity="1">
              <lines>
                <line number="16" hits="1" branch="false" />
                <line number="18" hits="1" branch="false" />
                <line number="19" hits="1" branch="false" />
                <line number="20" hits="1" branch="false" />
                <line number="21" hits="1" branch="false" />
                <line number="23" hits="1" branch="false" />
                <line number="25" hits="1" branch="false" />
                <line number="26" hits="1" branch="false" />
              </lines>
            </method>
            <method name="Task_Get_OnSuccess_ReturnListOfSupplier" signature="()" line-rate="1" branch-rate="1" complexity="1">
              <lines>
                <line number="29" hits="1" branch="false" />
                <line number="30" hits="1" branch="false" />
                <line number="31" hits="1" branch="false" />
                <line number="32" hits="1" branch="false" />
                <line number="33" hits="1" branch="false" />
                <line number="34" hits="1" branch="false" />
                <line number="35" hits="1" branch="false" />
                <line number="36" hits="1" branch="false" />
                <line number="37" hits="1" branch="false" />
                <line number="38" hits="1" branch="false" />
                <line number="39" hits="1" branch="false" />
                <line number="40" hits="1" branch="false" />
                <line number="41" hits="1" branch="false" />
                <line number="42" hits="1" branch="false" />
                <line number="43" hits="1" branch="false" />
                <line number="44" hits="1" branch="false" />
                <line number="45" hits="1" branch="false" />
                <line number="46" hits="1" branch="false" />
                <line number="47" hits="1" branch="false" />
                <line number="48" hits="1" branch="false" />
              </lines>
            </method>
            <method name="Task_Add_ValidData_Return_OkResult" signature="()" line-rate="1" branch-rate="1" complexity="1">
              <lines>
                <line number="52" hits="1" branch="false" />
                <line number="54" hits="1" branch="false" />
                <line number="55" hits="1" branch="false" />
                <line number="56" hits="1" branch="false" />
                <line number="57" hits="1" branch="false" />
                <line number="58" hits="1" branch="false" />
                <line number="59" hits="1" branch="false" />
                <line number="60" hits="1" branch="false" />
                <line number="61" hits="1" branch="false" />
                <line number="62" hits="1" branch="false" />
                <line number="63" hits="1" branch="false" />
                <line number="64" hits="1" branch="false" />
                <line number="65" hits="1" branch="false" />
                <line number="66" hits="1" branch="false" />
                <line number="67" hits="1" branch="false" />
                <line number="68" hits="1" branch="false" />
                <line number="69" hits="1" branch="false" />
                <line number="70" hits="1" branch="false" />
                <line number="71" hits="1" branch="false" />
                <line number="72" hits="1" branch="false" />
                <line number="73" hits="1" branch="false" />
                <line number="74" hits="1" branch="false" />
                <line number="75" hits="1" branch="false" />
                <line number="76" hits="1" branch="false" />
                <line number="77" hits="1" branch="false" />
                <line number="78" hits="1" branch="false" />
                <line number="79" hits="1" branch="false" />
                <line number="80" hits="1" branch="false" />
                <line number="81" hits="1" branch="false" />
                <line number="82" hits="1" branch="false" />
                <line number="84" hits="1" branch="false" />
                <line number="85" hits="1" branch="false" />
                <line number="86" hits="1" branch="false" />
                <line number="87" hits="1" branch="false" />
              </lines>
            </method>
            <method name="Task_GetSupplierById_Return_FoundSupplierResultOK" signature="()" line-rate="1" branch-rate="1" complexity="1">
              <lines>
                <line number="91" hits="1" branch="false" />
                <line number="93" hits="1" branch="false" />
                <line number="94" hits="1" branch="false" />
                <line number="95" hits="1" branch="false" />
                <line number="96" hits="1" branch="false" />
                <line number="97" hits="1" branch="false" />
                <line number="98" hits="1" branch="false" />
                <line number="99" hits="1" branch="false" />
                <line number="100" hits="1" branch="false" />
                <line number="101" hits="1" branch="false" />
                <line number="102" hits="1" branch="false" />
                <line number="103" hits="1" branch="false" />
                <line number="104" hits="1" branch="false" />
                <line number="105" hits="1" branch="false" />
                <line number="106" hits="1" branch="false" />
                <line number="107" hits="1" branch="false" />
                <line number="108" hits="1" branch="false" />
                <line number="109" hits="1" branch="false" />
                <line number="110" hits="1" branch="false" />
                <line number="111" hits="1" branch="false" />
                <line number="112" hits="1" branch="false" />
                <line number="113" hits="1" branch="false" />
                <line number="114" hits="1" branch="false" />
                <line number="115" hits="1" branch="false" />
                <line number="116" hits="1" branch="false" />
                <line number="117" hits="1" branch="false" />
                <line number="118" hits="1" branch="false" />
                <line number="119" hits="1" branch="false" />
                <line number="120" hits="1" branch="false" />
                <line number="121" hits="1" branch="false" />
                <line number="123" hits="1" branch="false" />
                <line number="124" hits="1" branch="false" />
                <line number="125" hits="1" branch="false" />
                <line number="126" hits="1" branch="false" />
              </lines>
            </method>
          </methods>
          <lines>
            <line number="16" hits="1" branch="false" />
            <line number="18" hits="1" branch="false" />
            <line number="19" hits="1" branch="false" />
            <line number="20" hits="1" branch="false" />
            <line number="21" hits="1" branch="false" />
            <line number="23" hits="1" branch="false" />
            <line number="25" hits="1" branch="false" />
            <line number="26" hits="1" branch="false" />
            <line number="29" hits="1" branch="false" />
            <line number="30" hits="1" branch="false" />
            <line number="31" hits="1" branch="false" />
            <line number="32" hits="1" branch="false" />
            <line number="33" hits="1" branch="false" />
            <line number="34" hits="1" branch="false" />
            <line number="35" hits="1" branch="false" />
            <line number="36" hits="1" branch="false" />
            <line number="37" hits="1" branch="false" />
            <line number="38" hits="1" branch="false" />
            <line number="39" hits="1" branch="false" />
            <line number="40" hits="1" branch="false" />
            <line number="41" hits="1" branch="false" />
            <line number="42" hits="1" branch="false" />
            <line number="43" hits="1" branch="false" />
            <line number="44" hits="1" branch="false" />
            <line number="45" hits="1" branch="false" />
            <line number="46" hits="1" branch="false" />
            <line number="47" hits="1" branch="false" />
            <line number="48" hits="1" branch="false" />
            <line number="52" hits="1" branch="false" />
            <line number="54" hits="1" branch="false" />
            <line number="55" hits="1" branch="false" />
            <line number="56" hits="1" branch="false" />
            <line number="57" hits="1" branch="false" />
            <line number="58" hits="1" branch="false" />
            <line number="59" hits="1" branch="false" />
            <line number="60" hits="1" branch="false" />
            <line number="61" hits="1" branch="false" />
            <line number="62" hits="1" branch="false" />
            <line number="63" hits="1" branch="false" />
            <line number="64" hits="1" branch="false" />
            <line number="65" hits="1" branch="false" />
            <line number="66" hits="1" branch="false" />
            <line number="67" hits="1" branch="false" />
            <line number="68" hits="1" branch="false" />
            <line number="69" hits="1" branch="false" />
            <line number="70" hits="1" branch="false" />
            <line number="71" hits="1" branch="false" />
            <line number="72" hits="1" branch="false" />
            <line number="73" hits="1" branch="false" />
            <line number="74" hits="1" branch="false" />
            <line number="75" hits="1" branch="false" />
            <line number="76" hits="1" branch="false" />
            <line number="77" hits="1" branch="false" />
            <line number="78" hits="1" branch="false" />
            <line number="79" hits="1" branch="false" />
            <line number="80" hits="1" branch="false" />
            <line number="81" hits="1" branch="false" />
            <line number="82" hits="1" branch="false" />
            <line number="84" hits="1" branch="false" />
            <line number="85" hits="1" branch="false" />
            <line number="86" hits="1" branch="false" />
            <line number="87" hits="1" branch="false" />
            <line number="91" hits="1" branch="false" />
            <line number="93" hits="1" branch="false" />
            <line number="94" hits="1" branch="false" />
            <line number="95" hits="1" branch="false" />
            <line number="96" hits="1" branch="false" />
            <line number="97" hits="1" branch="false" />
            <line number="98" hits="1" branch="false" />
            <line number="99" hits="1" branch="false" />
            <line number="100" hits="1" branch="false" />
            <line number="101" hits="1" branch="false" />
            <line number="102" hits="1" branch="false" />
            <line number="103" hits="1" branch="false" />
            <line number="104" hits="1" branch="false" />
            <line number="105" hits="1" branch="false" />
            <line number="106" hits="1" branch="false" />
            <line number="107" hits="1" branch="false" />
            <line number="108" hits="1" branch="false" />
            <line number="109" hits="1" branch="false" />
            <line number="110" hits="1" branch="false" />
            <line number="111" hits="1" branch="false" />
            <line number="112" hits="1" branch="false" />
            <line number="113" hits="1" branch="false" />
            <line number="114" hits="1" branch="false" />
            <line number="115" hits="1" branch="false" />
            <line number="116" hits="1" branch="false" />
            <line number="117" hits="1" branch="false" />
            <line number="118" hits="1" branch="false" />
            <line number="119" hits="1" branch="false" />
            <line number="120" hits="1" branch="false" />
            <line number="121" hits="1" branch="false" />
            <line number="123" hits="1" branch="false" />
            <line number="124" hits="1" branch="false" />
            <line number="125" hits="1" branch="false" />
            <line number="126" hits="1" branch="false" />
          </lines>
        </class>
      </classes>
    </package>
  </packages>
</coverage>